============================= test session starts ==============================
platform darwin -- Python 3.13.5, pytest-9.1.1, pluggy-1.6.0 -- /Users/mkbabb/Programming/csc411/CSC411_HW2_ProgrammingQuestion/csp-solver/tests-py/.venv/bin/python
cachedir: .pytest_cache
rootdir: /Users/mkbabb/Programming/csc411/CSC411_HW2_ProgrammingQuestion/csp-solver/tests-py
configfile: pyproject.toml
testpaths: .
plugins: timeout-2.4.0
timeout: 120.0s
timeout method: signal
timeout func_only: False
collecting ... collected 29 items

test_bench_compare.py::test_solve_under_50ms[Al Escargot-100007090030020008009600500005300900010080002600004000300000010040000007007000300] PASSED [  3%]
test_bench_compare.py::test_solve_under_50ms[Platinum Blonde-000000012000000003002300400001800005060070800000009000008500000900040500470006000] PASSED [  6%]
test_bench_compare.py::test_solve_under_50ms[Golden Nugget-000000039000001005003050800008090006070002000100400000009080050020000600400700000] PASSED [ 10%]
test_bench_compare.py::test_solve_under_50ms[Inkala 2010-005300000800000020070010500400005300010070006003200080060500009004000030000009700] PASSED [ 13%]
test_bench_compare.py::test_solve_under_50ms[17-clue minimal-000000010400000000020000000000050407008000300001090000300400200050100000000806000] PASSED [ 17%]
test_bench_compare.py::test_print_performance_table PASSED               [ 20%]
test_panic_contract.py::test_rust_unwind_panic_is_catchable_panic_exception PASSED [ 24%]
test_panic_contract.py::test_forced_abort_is_uncatchable_sigabrt PASSED  [ 27%]
test_rust_backend.py::test_generate_and_solve[3-difficulty0] PASSED      [ 31%]
test_rust_backend.py::test_generate_and_solve[4-difficulty1] PASSED      [ 34%]
test_rust_backend.py::test_excised_tiers_reject[2-difficulty0] PASSED    [ 37%]
test_rust_backend.py::test_excised_tiers_reject[3-difficulty1] PASSED    [ 41%]
test_rust_backend.py::test_excised_tiers_reject[5-difficulty2] PASSED    [ 44%]
test_rust_backend.py::test_generate_16x16 PASSED                         [ 48%]
test_rust_backend.py::test_hard_9x9[Al Escargot-100007090030020008009600500005300900010080002600004000300000010040000007007000300] PASSED [ 51%]
test_rust_backend.py::test_hard_9x9[Platinum Blonde-000000012000000003002300400001800005060070800000009000008500000900040500470006000] PASSED [ 55%]
test_rust_backend.py::test_hard_9x9[Golden Nugget-000000039000001005003050800008090006070002000100400000009080050020000600400700000] PASSED [ 58%]
test_rust_backend.py::test_hard_9x9[Inkala 2010-005300000800000020070010500400005300010070006003200080060500009004000030000009700] PASSED [ 62%]
test_rust_backend.py::test_hard_9x9[17-clue minimal-000000010400000000020000000000050407008000300001090000300400200050100000000806000] PASSED [ 65%]
test_rust_backend.py::test_difficulty_enum PASSED                        [ 68%]
test_rust_backend.py::test_performance_sanity PASSED                     [ 72%]
test_wheel_contracts.py::test_heartbeat_duty_cycle_during_solve PASSED   [ 75%]
test_wheel_contracts.py::test_timeout_via_cancel_token_bounds_wall_time PASSED [ 79%]
test_wheel_contracts.py::test_cancel_token_aborts_long_solve_promptly PASSED [ 82%]
test_wheel_contracts.py::test_unsatisfiable_error_end_to_end PASSED      [ 86%]
test_wheel_contracts.py::test_invalid_input_error_end_to_end PASSED      [ 89%]
test_wheel_contracts.py::test_all_four_typed_exception_classes_exist_and_are_exceptions PASSED [ 93%]
test_wheel_contracts.py::test_budget_exceeded_error_end_to_end SKIPPED   [ 96%]
test_wheel_contracts.py::test_csp_timeout_error_end_to_end SKIPPED (...) [100%]

======================== 27 passed, 2 skipped in 2.35s =========================
